[debug] [2020-11-03T09:12:58.286Z] ----------------------------------------------------------------------
[debug] [2020-11-03T09:12:58.288Z] Command:       C:\Program Files\nodejs\node.exe C:\Users\Viet\AppData\Roaming\npm\node_modules\firebase-tools\lib\bin\firebase.js emulators:start --only functions
[debug] [2020-11-03T09:12:58.288Z] CLI Version:   8.14.1
[debug] [2020-11-03T09:12:58.288Z] Platform:      win32
[debug] [2020-11-03T09:12:58.288Z] Node Version:  v12.18.4
[debug] [2020-11-03T09:12:58.289Z] Time:          Tue Nov 03 2020 16:12:58 GMT+0700 (Indochina Time)
[debug] [2020-11-03T09:12:58.289Z] ----------------------------------------------------------------------
[debug] [2020-11-03T09:12:58.290Z] 
[debug] [2020-11-03T09:12:58.299Z] > command requires scopes: ["email","openid","https://www.googleapis.com/auth/cloudplatformprojects.readonly","https://www.googleapis.com/auth/firebase","https://www.googleapis.com/auth/cloud-platform"]
[debug] [2020-11-03T09:12:58.300Z] > authorizing via signed-in user
[info] i  emulators: Starting emulators: functions {"metadata":{"emulator":{"name":"hub"},"message":"Starting emulators: functions"}}
[warn] !  emulators: It seems that you are running multiple instances of the emulator suite for project cloud-computing-5a696. This may result in unexpected behavior. 
[debug] [2020-11-03T09:13:00.365Z] [hub] writing locator at C:\Users\Viet\AppData\Local\Temp\hub-cloud-computing-5a696.json
[warn] !  functions: The following emulators are not running, calls to these services from the Functions emulator will affect production: auth, firestore, database, hosting, pubsub {"metadata":{"emulator":{"name":"functions"},"message":"The following emulators are not running, calls to these services from the Functions emulator will affect production: \u001b[1mauth, firestore, database, hosting, pubsub\u001b[22m"}}
[warn] !  Your requested "node" version "8" doesn't match your global version "12" {"metadata":{"emulator":{"name":"functions"},"message":"Your requested \"node\" version \"8\" doesn't match your global version \"12\""}}
[debug] [2020-11-03T09:13:02.493Z] defaultcredentials: writing to file C:\Users\Viet\AppData\Roaming\firebase\phamdinhviet290899_gmail_com_application_default_credentials.json
[debug] [2020-11-03T09:13:02.501Z] Setting GAC to C:\Users\Viet\AppData\Roaming\firebase\phamdinhviet290899_gmail_com_application_default_credentials.json {"metadata":{"emulator":{"name":"functions"},"message":"Setting GAC to C:\\Users\\Viet\\AppData\\Roaming\\firebase\\phamdinhviet290899_gmail_com_application_default_credentials.json"}}
[debug] [2020-11-03T09:13:06.619Z] Ignoring unsupported arg: auto_download {"metadata":{"emulator":{"name":"ui"},"message":"Ignoring unsupported arg: auto_download"}}
[debug] [2020-11-03T09:13:06.620Z] Ignoring unsupported arg: port {"metadata":{"emulator":{"name":"ui"},"message":"Ignoring unsupported arg: port"}}
[debug] [2020-11-03T09:13:06.620Z] Starting Emulator UI with command {"binary":"node","args":["C:\\Users\\Viet\\.cache\\firebase\\emulators\\ui-v1.2.2\\server.bundle.js"],"optionalArgs":[],"joinArgs":false} {"metadata":{"emulator":{"name":"ui"},"message":"Starting Emulator UI with command {\"binary\":\"node\",\"args\":[\"C:\\\\Users\\\\Viet\\\\.cache\\\\firebase\\\\emulators\\\\ui-v1.2.2\\\\server.bundle.js\"],\"optionalArgs\":[],\"joinArgs\":false}"}}
[info] i  ui: Emulator UI logging to ui-debug.log {"metadata":{"emulator":{"name":"ui"},"message":"Emulator UI logging to \u001b[1mui-debug.log\u001b[22m"}}
[debug] [2020-11-03T09:13:06.879Z] Web / API server started at http://localhost:4000
 {"metadata":{"emulator":{"name":"ui"},"message":"Web / API server started at http://localhost:4000\n"}}
[info] i  functions: Watching "D:\Study\My Documents\Cloud Computing\cloud-computing\functions" for Cloud Functions... {"metadata":{"emulator":{"name":"functions"},"message":"Watching \"D:\\Study\\My Documents\\Cloud Computing\\cloud-computing\\functions\" for Cloud Functions..."}}
[debug] [2020-11-03T09:13:07.223Z] [worker-pool] addWorker(~diagnostic~) {"metadata":{"emulator":{"name":"functions"},"message":"[worker-pool] addWorker(~diagnostic~)"}}
[debug] [2020-11-03T09:13:07.224Z] [worker-pool] Adding worker with key ~diagnostic~, total=1 {"metadata":{"emulator":{"name":"functions"},"message":"[worker-pool] Adding worker with key ~diagnostic~, total=1"}}
[debug] [2020-11-03T09:13:07.224Z] [worker-pool] submitWork(triggerId=) {"metadata":{"emulator":{"name":"functions"},"message":"[worker-pool] submitWork(triggerId=)"}}
[debug] [2020-11-03T09:13:07.225Z] [worker-~diagnostic~-bd3e5f13-88ef-4a32-a185-c4dcf4dc45e4]: Assigning socketPath: \\?\pipe\D:\Study\My Documents\Cloud Computing\cloud-computing\functions\13388 {"metadata":{"emulator":{"name":"functions"},"message":"[worker-~diagnostic~-bd3e5f13-88ef-4a32-a185-c4dcf4dc45e4]: Assigning socketPath: \\\\?\\pipe\\D:\\Study\\My Documents\\Cloud Computing\\cloud-computing\\functions\\13388"}}
[debug] [2020-11-03T09:13:07.226Z] [worker-~diagnostic~-bd3e5f13-88ef-4a32-a185-c4dcf4dc45e4]: BUSY {"metadata":{"emulator":{"name":"functions"},"message":"[worker-~diagnostic~-bd3e5f13-88ef-4a32-a185-c4dcf4dc45e4]: BUSY"}}
[debug] [2020-11-03T09:13:07.826Z] [runtime-status] [13388] Functions runtime initialized. {"cwd":"D:\\Study\\My Documents\\Cloud Computing\\cloud-computing\\functions","node_version":"12.18.4"} {"metadata":{"emulator":{"name":"functions"},"message":"[runtime-status] [13388] Functions runtime initialized. {\"cwd\":\"D:\\\\Study\\\\My Documents\\\\Cloud Computing\\\\cloud-computing\\\\functions\",\"node_version\":\"12.18.4\"}"}}
[debug] [2020-11-03T09:13:07.827Z] [runtime-status] [13388] Disabled runtime features: undefined {"metadata":{"emulator":{"name":"functions"},"message":"[runtime-status] [13388] Disabled runtime features: undefined"}}
[debug] [2020-11-03T09:13:07.833Z] [runtime-status] [13388] Resolved module firebase-admin {"declared":true,"installed":true,"version":"8.13.0","resolution":"D:\\Study\\My Documents\\Cloud Computing\\cloud-computing\\functions\\node_modules\\firebase-admin\\lib\\index.js"} {"metadata":{"emulator":{"name":"functions"},"message":"[runtime-status] [13388] Resolved module firebase-admin {\"declared\":true,\"installed\":true,\"version\":\"8.13.0\",\"resolution\":\"D:\\\\Study\\\\My Documents\\\\Cloud Computing\\\\cloud-computing\\\\functions\\\\node_modules\\\\firebase-admin\\\\lib\\\\index.js\"}"}}
[debug] [2020-11-03T09:13:07.836Z] [runtime-status] [13388] Resolved module firebase-functions {"declared":true,"installed":true,"version":"3.11.0","resolution":"D:\\Study\\My Documents\\Cloud Computing\\cloud-computing\\functions\\node_modules\\firebase-functions\\lib\\index.js"} {"metadata":{"emulator":{"name":"functions"},"message":"[runtime-status] [13388] Resolved module firebase-functions {\"declared\":true,\"installed\":true,\"version\":\"3.11.0\",\"resolution\":\"D:\\\\Study\\\\My Documents\\\\Cloud Computing\\\\cloud-computing\\\\functions\\\\node_modules\\\\firebase-functions\\\\lib\\\\index.js\"}"}}
[debug] [2020-11-03T09:13:07.837Z] [runtime-status] [13388] Resolved module firebase-functions {"declared":true,"installed":true,"version":"3.11.0","resolution":"D:\\Study\\My Documents\\Cloud Computing\\cloud-computing\\functions\\node_modules\\firebase-functions\\lib\\index.js"} {"metadata":{"emulator":{"name":"functions"},"message":"[runtime-status] [13388] Resolved module firebase-functions {\"declared\":true,\"installed\":true,\"version\":\"3.11.0\",\"resolution\":\"D:\\\\Study\\\\My Documents\\\\Cloud Computing\\\\cloud-computing\\\\functions\\\\node_modules\\\\firebase-functions\\\\lib\\\\index.js\"}"}}
[debug] [2020-11-03T09:13:07.838Z] [runtime-status] [13388] Outgoing network have been stubbed. [{"name":"http","status":"mocked"},{"name":"http","status":"mocked"},{"name":"https","status":"mocked"},{"name":"https","status":"mocked"},{"name":"net","status":"mocked"}] {"metadata":{"emulator":{"name":"functions"},"message":"[runtime-status] [13388] Outgoing network have been stubbed. [{\"name\":\"http\",\"status\":\"mocked\"},{\"name\":\"http\",\"status\":\"mocked\"},{\"name\":\"https\",\"status\":\"mocked\"},{\"name\":\"https\",\"status\":\"mocked\"},{\"name\":\"net\",\"status\":\"mocked\"}]"}}
[debug] [2020-11-03T09:13:07.839Z] [runtime-status] [13388] Resolved module firebase-functions {"declared":true,"installed":true,"version":"3.11.0","resolution":"D:\\Study\\My Documents\\Cloud Computing\\cloud-computing\\functions\\node_modules\\firebase-functions\\lib\\index.js"} {"metadata":{"emulator":{"name":"functions"},"message":"[runtime-status] [13388] Resolved module firebase-functions {\"declared\":true,\"installed\":true,\"version\":\"3.11.0\",\"resolution\":\"D:\\\\Study\\\\My Documents\\\\Cloud Computing\\\\cloud-computing\\\\functions\\\\node_modules\\\\firebase-functions\\\\lib\\\\index.js\"}"}}
[debug] [2020-11-03T09:13:07.887Z] [runtime-status] [13388] Checked functions.config() {"config":{}} {"metadata":{"emulator":{"name":"functions"},"message":"[runtime-status] [13388] Checked functions.config() {\"config\":{}}"}}
[debug] [2020-11-03T09:13:07.888Z] [runtime-status] [13388] firebase-functions has been stubbed. {"functionsResolution":{"declared":true,"installed":true,"version":"3.11.0","resolution":"D:\\Study\\My Documents\\Cloud Computing\\cloud-computing\\functions\\node_modules\\firebase-functions\\lib\\index.js"}} {"metadata":{"emulator":{"name":"functions"},"message":"[runtime-status] [13388] firebase-functions has been stubbed. {\"functionsResolution\":{\"declared\":true,\"installed\":true,\"version\":\"3.11.0\",\"resolution\":\"D:\\\\Study\\\\My Documents\\\\Cloud Computing\\\\cloud-computing\\\\functions\\\\node_modules\\\\firebase-functions\\\\lib\\\\index.js\"}}"}}
[debug] [2020-11-03T09:13:07.888Z] [runtime-status] [13388] Resolved module firebase-functions {"declared":true,"installed":true,"version":"3.11.0","resolution":"D:\\Study\\My Documents\\Cloud Computing\\cloud-computing\\functions\\node_modules\\firebase-functions\\lib\\index.js"} {"metadata":{"emulator":{"name":"functions"},"message":"[runtime-status] [13388] Resolved module firebase-functions {\"declared\":true,\"installed\":true,\"version\":\"3.11.0\",\"resolution\":\"D:\\\\Study\\\\My Documents\\\\Cloud Computing\\\\cloud-computing\\\\functions\\\\node_modules\\\\firebase-functions\\\\lib\\\\index.js\"}"}}
[debug] [2020-11-03T09:13:07.889Z] [runtime-status] [13388] Resolved module firebase-admin {"declared":true,"installed":true,"version":"8.13.0","resolution":"D:\\Study\\My Documents\\Cloud Computing\\cloud-computing\\functions\\node_modules\\firebase-admin\\lib\\index.js"} {"metadata":{"emulator":{"name":"functions"},"message":"[runtime-status] [13388] Resolved module firebase-admin {\"declared\":true,\"installed\":true,\"version\":\"8.13.0\",\"resolution\":\"D:\\\\Study\\\\My Documents\\\\Cloud Computing\\\\cloud-computing\\\\functions\\\\node_modules\\\\firebase-admin\\\\lib\\\\index.js\"}"}}
[debug] [2020-11-03T09:13:07.890Z] [runtime-status] [13388] Resolved module firebase-functions {"declared":true,"installed":true,"version":"3.11.0","resolution":"D:\\Study\\My Documents\\Cloud Computing\\cloud-computing\\functions\\node_modules\\firebase-functions\\lib\\index.js"} {"metadata":{"emulator":{"name":"functions"},"message":"[runtime-status] [13388] Resolved module firebase-functions {\"declared\":true,\"installed\":true,\"version\":\"3.11.0\",\"resolution\":\"D:\\\\Study\\\\My Documents\\\\Cloud Computing\\\\cloud-computing\\\\functions\\\\node_modules\\\\firebase-functions\\\\lib\\\\index.js\"}"}}
[debug] [2020-11-03T09:13:07.891Z] [runtime-status] [13388] firebase-admin has been stubbed. {"adminResolution":{"declared":true,"installed":true,"version":"8.13.0","resolution":"D:\\Study\\My Documents\\Cloud Computing\\cloud-computing\\functions\\node_modules\\firebase-admin\\lib\\index.js"}} {"metadata":{"emulator":{"name":"functions"},"message":"[runtime-status] [13388] firebase-admin has been stubbed. {\"adminResolution\":{\"declared\":true,\"installed\":true,\"version\":\"8.13.0\",\"resolution\":\"D:\\\\Study\\\\My Documents\\\\Cloud Computing\\\\cloud-computing\\\\functions\\\\node_modules\\\\firebase-admin\\\\lib\\\\index.js\"}}"}}
[debug] [2020-11-03T09:13:08.095Z] [runtime-status] [13388] initializeApp(DEFAULT) {"databaseURL":"https://cloud-computing-5a696.firebaseio.com","storageBucket":"cloud-computing-5a696.appspot.com","projectId":"cloud-computing-5a696"} {"metadata":{"emulator":{"name":"functions"},"message":"[runtime-status] [13388] initializeApp(DEFAULT) {\"databaseURL\":\"https://cloud-computing-5a696.firebaseio.com\",\"storageBucket\":\"cloud-computing-5a696.appspot.com\",\"projectId\":\"cloud-computing-5a696\"}"}}
[warn] !  functions: The Cloud Firestore emulator is not running, so calls to Firestore will affect production. {"metadata":{"emulator":{"name":"functions"},"message":"The Cloud Firestore emulator is not running, so calls to Firestore will affect production."}}
[info] +  functions[api]: http function initialized (http://localhost:5001/cloud-computing-5a696/us-central1/api). {"metadata":{"emulator":{"name":"functions"},"message":"\u001b[1mhttp\u001b[22m function initialized (http://localhost:5001/cloud-computing-5a696/us-central1/api)."}}
[info] 
┌───────────────────────────────────────────────────────────────────────┐
│ ✔  All emulators ready! View status and logs at http://localhost:4000 │
└───────────────────────────────────────────────────────────────────────┘

┌───────────┬────────────────┬─────────────────────────────────┐
│ Emulator  │ Host:Port      │ View in Emulator UI             │
├───────────┼────────────────┼─────────────────────────────────┤
│ Functions │ localhost:5001 │ http://localhost:4000/functions │
└───────────┴────────────────┴─────────────────────────────────┘
  Other reserved ports: 4400, 4500

Issues? Report them at https://github.com/firebase/firebase-tools/issues and attach the *-debug.log files.
 
[debug] [2020-11-03T09:13:08.682Z] [worker-~diagnostic~-bd3e5f13-88ef-4a32-a185-c4dcf4dc45e4]: IDLE {"metadata":{"emulator":{"name":"functions"},"message":"[worker-~diagnostic~-bd3e5f13-88ef-4a32-a185-c4dcf4dc45e4]: IDLE"}}
[debug] [2020-11-03T09:13:47.991Z] [work-queue] {"queueLength":1,"workRunningCount":0}
[debug] [2020-11-03T09:13:47.993Z] [work-queue] {"queueLength":0,"workRunningCount":1}
[debug] [2020-11-03T09:13:47.995Z] Accepted request POST /cloud-computing-5a696/us-central1/api/createcategory --> api
[debug] [2020-11-03T09:13:48.027Z] [worker-pool] addWorker(api) {"metadata":{"emulator":{"name":"functions"},"message":"[worker-pool] addWorker(api)"}}
[debug] [2020-11-03T09:13:48.027Z] [worker-pool] Adding worker with key api, total=1 {"metadata":{"emulator":{"name":"functions"},"message":"[worker-pool] Adding worker with key api, total=1"}}
[debug] [2020-11-03T09:13:48.028Z] [worker-pool] submitWork(triggerId=api) {"metadata":{"emulator":{"name":"functions"},"message":"[worker-pool] submitWork(triggerId=api)"}}
[debug] [2020-11-03T09:13:48.028Z] [worker-api-9de97d2e-c2d3-4369-bbab-d2740f2f10bd]: Assigning socketPath: \\?\pipe\D:\Study\My Documents\Cloud Computing\cloud-computing\functions\12816 {"metadata":{"emulator":{"name":"functions"},"message":"[worker-api-9de97d2e-c2d3-4369-bbab-d2740f2f10bd]: Assigning socketPath: \\\\?\\pipe\\D:\\Study\\My Documents\\Cloud Computing\\cloud-computing\\functions\\12816"}}
[debug] [2020-11-03T09:13:48.029Z] [worker-api-9de97d2e-c2d3-4369-bbab-d2740f2f10bd]: BUSY {"metadata":{"emulator":{"name":"functions"},"message":"[worker-api-9de97d2e-c2d3-4369-bbab-d2740f2f10bd]: BUSY"}}
[debug] [2020-11-03T09:13:48.938Z] [runtime-status] [12816] Functions runtime initialized. {"cwd":"D:\\Study\\My Documents\\Cloud Computing\\cloud-computing\\functions","node_version":"12.18.4"} {"metadata":{"emulator":{"name":"functions"},"function":{"name":"api"},"message":"[runtime-status] [12816] Functions runtime initialized. {\"cwd\":\"D:\\\\Study\\\\My Documents\\\\Cloud Computing\\\\cloud-computing\\\\functions\",\"node_version\":\"12.18.4\"}"}}
[debug] [2020-11-03T09:13:48.941Z] [runtime-status] [12816] Disabled runtime features: undefined {"metadata":{"emulator":{"name":"functions"},"function":{"name":"api"},"message":"[runtime-status] [12816] Disabled runtime features: undefined"}}
[debug] [2020-11-03T09:13:48.948Z] [runtime-status] [12816] Resolved module firebase-admin {"declared":true,"installed":true,"version":"8.13.0","resolution":"D:\\Study\\My Documents\\Cloud Computing\\cloud-computing\\functions\\node_modules\\firebase-admin\\lib\\index.js"} {"metadata":{"emulator":{"name":"functions"},"function":{"name":"api"},"message":"[runtime-status] [12816] Resolved module firebase-admin {\"declared\":true,\"installed\":true,\"version\":\"8.13.0\",\"resolution\":\"D:\\\\Study\\\\My Documents\\\\Cloud Computing\\\\cloud-computing\\\\functions\\\\node_modules\\\\firebase-admin\\\\lib\\\\index.js\"}"}}
[debug] [2020-11-03T09:13:48.950Z] [runtime-status] [12816] Resolved module firebase-functions {"declared":true,"installed":true,"version":"3.11.0","resolution":"D:\\Study\\My Documents\\Cloud Computing\\cloud-computing\\functions\\node_modules\\firebase-functions\\lib\\index.js"} {"metadata":{"emulator":{"name":"functions"},"function":{"name":"api"},"message":"[runtime-status] [12816] Resolved module firebase-functions {\"declared\":true,\"installed\":true,\"version\":\"3.11.0\",\"resolution\":\"D:\\\\Study\\\\My Documents\\\\Cloud Computing\\\\cloud-computing\\\\functions\\\\node_modules\\\\firebase-functions\\\\lib\\\\index.js\"}"}}
[debug] [2020-11-03T09:13:48.951Z] [runtime-status] [12816] Resolved module firebase-functions {"declared":true,"installed":true,"version":"3.11.0","resolution":"D:\\Study\\My Documents\\Cloud Computing\\cloud-computing\\functions\\node_modules\\firebase-functions\\lib\\index.js"} {"metadata":{"emulator":{"name":"functions"},"function":{"name":"api"},"message":"[runtime-status] [12816] Resolved module firebase-functions {\"declared\":true,\"installed\":true,\"version\":\"3.11.0\",\"resolution\":\"D:\\\\Study\\\\My Documents\\\\Cloud Computing\\\\cloud-computing\\\\functions\\\\node_modules\\\\firebase-functions\\\\lib\\\\index.js\"}"}}
[debug] [2020-11-03T09:13:48.954Z] [runtime-status] [12816] Outgoing network have been stubbed. [{"name":"http","status":"mocked"},{"name":"http","status":"mocked"},{"name":"https","status":"mocked"},{"name":"https","status":"mocked"},{"name":"net","status":"mocked"}] {"metadata":{"emulator":{"name":"functions"},"function":{"name":"api"},"message":"[runtime-status] [12816] Outgoing network have been stubbed. [{\"name\":\"http\",\"status\":\"mocked\"},{\"name\":\"http\",\"status\":\"mocked\"},{\"name\":\"https\",\"status\":\"mocked\"},{\"name\":\"https\",\"status\":\"mocked\"},{\"name\":\"net\",\"status\":\"mocked\"}]"}}
[debug] [2020-11-03T09:13:48.956Z] [runtime-status] [12816] Resolved module firebase-functions {"declared":true,"installed":true,"version":"3.11.0","resolution":"D:\\Study\\My Documents\\Cloud Computing\\cloud-computing\\functions\\node_modules\\firebase-functions\\lib\\index.js"} {"metadata":{"emulator":{"name":"functions"},"function":{"name":"api"},"message":"[runtime-status] [12816] Resolved module firebase-functions {\"declared\":true,\"installed\":true,\"version\":\"3.11.0\",\"resolution\":\"D:\\\\Study\\\\My Documents\\\\Cloud Computing\\\\cloud-computing\\\\functions\\\\node_modules\\\\firebase-functions\\\\lib\\\\index.js\"}"}}
[debug] [2020-11-03T09:13:49.024Z] [runtime-status] [12816] Checked functions.config() {"config":{}} {"metadata":{"emulator":{"name":"functions"},"function":{"name":"api"},"message":"[runtime-status] [12816] Checked functions.config() {\"config\":{}}"}}
[debug] [2020-11-03T09:13:49.025Z] [runtime-status] [12816] firebase-functions has been stubbed. {"functionsResolution":{"declared":true,"installed":true,"version":"3.11.0","resolution":"D:\\Study\\My Documents\\Cloud Computing\\cloud-computing\\functions\\node_modules\\firebase-functions\\lib\\index.js"}} {"metadata":{"emulator":{"name":"functions"},"function":{"name":"api"},"message":"[runtime-status] [12816] firebase-functions has been stubbed. {\"functionsResolution\":{\"declared\":true,\"installed\":true,\"version\":\"3.11.0\",\"resolution\":\"D:\\\\Study\\\\My Documents\\\\Cloud Computing\\\\cloud-computing\\\\functions\\\\node_modules\\\\firebase-functions\\\\lib\\\\index.js\"}}"}}
[debug] [2020-11-03T09:13:49.026Z] [runtime-status] [12816] Resolved module firebase-functions {"declared":true,"installed":true,"version":"3.11.0","resolution":"D:\\Study\\My Documents\\Cloud Computing\\cloud-computing\\functions\\node_modules\\firebase-functions\\lib\\index.js"} {"metadata":{"emulator":{"name":"functions"},"function":{"name":"api"},"message":"[runtime-status] [12816] Resolved module firebase-functions {\"declared\":true,\"installed\":true,\"version\":\"3.11.0\",\"resolution\":\"D:\\\\Study\\\\My Documents\\\\Cloud Computing\\\\cloud-computing\\\\functions\\\\node_modules\\\\firebase-functions\\\\lib\\\\index.js\"}"}}
[debug] [2020-11-03T09:13:49.028Z] [runtime-status] [12816] Resolved module firebase-admin {"declared":true,"installed":true,"version":"8.13.0","resolution":"D:\\Study\\My Documents\\Cloud Computing\\cloud-computing\\functions\\node_modules\\firebase-admin\\lib\\index.js"} {"metadata":{"emulator":{"name":"functions"},"function":{"name":"api"},"message":"[runtime-status] [12816] Resolved module firebase-admin {\"declared\":true,\"installed\":true,\"version\":\"8.13.0\",\"resolution\":\"D:\\\\Study\\\\My Documents\\\\Cloud Computing\\\\cloud-computing\\\\functions\\\\node_modules\\\\firebase-admin\\\\lib\\\\index.js\"}"}}
[debug] [2020-11-03T09:13:49.028Z] [runtime-status] [12816] Resolved module firebase-functions {"declared":true,"installed":true,"version":"3.11.0","resolution":"D:\\Study\\My Documents\\Cloud Computing\\cloud-computing\\functions\\node_modules\\firebase-functions\\lib\\index.js"} {"metadata":{"emulator":{"name":"functions"},"function":{"name":"api"},"message":"[runtime-status] [12816] Resolved module firebase-functions {\"declared\":true,\"installed\":true,\"version\":\"3.11.0\",\"resolution\":\"D:\\\\Study\\\\My Documents\\\\Cloud Computing\\\\cloud-computing\\\\functions\\\\node_modules\\\\firebase-functions\\\\lib\\\\index.js\"}"}}
[debug] [2020-11-03T09:13:49.029Z] [runtime-status] [12816] firebase-admin has been stubbed. {"adminResolution":{"declared":true,"installed":true,"version":"8.13.0","resolution":"D:\\Study\\My Documents\\Cloud Computing\\cloud-computing\\functions\\node_modules\\firebase-admin\\lib\\index.js"}} {"metadata":{"emulator":{"name":"functions"},"function":{"name":"api"},"message":"[runtime-status] [12816] firebase-admin has been stubbed. {\"adminResolution\":{\"declared\":true,\"installed\":true,\"version\":\"8.13.0\",\"resolution\":\"D:\\\\Study\\\\My Documents\\\\Cloud Computing\\\\cloud-computing\\\\functions\\\\node_modules\\\\firebase-admin\\\\lib\\\\index.js\"}}"}}
[debug] [2020-11-03T09:13:49.334Z] [runtime-status] [12816] initializeApp(DEFAULT) {"databaseURL":"https://cloud-computing-5a696.firebaseio.com","storageBucket":"cloud-computing-5a696.appspot.com","projectId":"cloud-computing-5a696"} {"metadata":{"emulator":{"name":"functions"},"function":{"name":"api"},"message":"[runtime-status] [12816] initializeApp(DEFAULT) {\"databaseURL\":\"https://cloud-computing-5a696.firebaseio.com\",\"storageBucket\":\"cloud-computing-5a696.appspot.com\",\"projectId\":\"cloud-computing-5a696\"}"}}
[debug] [2020-11-03T09:13:49.813Z] [runtime-status] [12816] Trigger "api" has been found, beginning invocation! {"metadata":{"emulator":{"name":"functions"},"function":{"name":"api"},"message":"[runtime-status] [12816] Trigger \"api\" has been found, beginning invocation!"}}
[info] i  functions: Beginning execution of "api" {"metadata":{"emulator":{"name":"functions"},"function":{"name":"api"},"message":"Beginning execution of \"api\""}}
[debug] [2020-11-03T09:13:49.817Z] [runtime-status] [12816] triggerDefinition {"httpsTrigger":{},"name":"api","entryPoint":"api"} {"metadata":{"emulator":{"name":"functions"},"function":{"name":"api"},"message":"[runtime-status] [12816] triggerDefinition {\"httpsTrigger\":{},\"name\":\"api\",\"entryPoint\":\"api\"}"}}
[debug] [2020-11-03T09:13:49.818Z] [runtime-status] [12816] Running api in mode HTTPS {"metadata":{"emulator":{"name":"functions"},"function":{"name":"api"},"message":"[runtime-status] [12816] Running api in mode HTTPS"}}
[debug] [2020-11-03T09:13:49.828Z] [runtime-status] [12816] Attempting to listen to socketPath: \\?\pipe\D:\Study\My Documents\Cloud Computing\cloud-computing\functions\12816 {"metadata":{"emulator":{"name":"functions"},"function":{"name":"api"},"message":"[runtime-status] [12816] Attempting to listen to socketPath: \\\\?\\pipe\\D:\\Study\\My Documents\\Cloud Computing\\cloud-computing\\functions\\12816"}}
[debug] [2020-11-03T09:13:49.838Z] [functions] Runtime ready! Sending request! {"metadata":{"emulator":{"name":"functions"},"message":"[functions] Runtime ready! Sending request!"}}
[debug] [2020-11-03T09:13:49.889Z] [runtime-status] [12816] Ephemeral server handling POST request {"metadata":{"emulator":{"name":"functions"},"function":{"name":"api"},"message":"[runtime-status] [12816] Ephemeral server handling POST request"}}
[debug] [2020-11-03T09:13:50.098Z] [runtime-status] [12816] Ephemeral server survived. {"metadata":{"emulator":{"name":"functions"},"function":{"name":"api"},"message":"[runtime-status] [12816] Ephemeral server survived."}}
[warn] !  Google API requested!
   - URL: "https://oauth2.googleapis.com/token"
   - Be careful, this may be a production service. {"metadata":{"emulator":{"name":"functions"},"function":{"name":"api"},"message":"Google API requested!\n   - URL: \"https://oauth2.googleapis.com/token\"\n   - Be careful, this may be a production service."}}
[info] i  functions: Finished "api" in ~1s {"metadata":{"emulator":{"name":"functions"},"function":{"name":"api"},"message":"Finished \"api\" in ~1s"}}
[debug] [2020-11-03T09:13:51.431Z] [worker-api-9de97d2e-c2d3-4369-bbab-d2740f2f10bd]: IDLE {"metadata":{"emulator":{"name":"functions"},"message":"[worker-api-9de97d2e-c2d3-4369-bbab-d2740f2f10bd]: IDLE"}}
[debug] [2020-11-03T09:13:51.432Z] [work-queue] {"queueLength":0,"workRunningCount":0}
